<?xml version="1.0" encoding="UTF-8"?>
<!-- Generated by org.testng.reporters.JUnitReportReporter -->
<testsuite hostname="LAPTOP-T5O2MTCK" failures="0" tests="1" name="scripts.searchForFlight" time="22.569" errors="0" timestamp="2021-07-24T20:27:21 IST" skipped="0">
  <testcase classname="scripts.searchForFlight" name="searchFlight" time="22.569"/>
  <system-out/>
</testsuite> <!-- scripts.searchForFlight -->
